2025-09-09 09:13:31,284 - __main__ - INFO - EnterpriseTrainingManager inicializado
2025-09-09 09:13:31,284 - __main__ - INFO - 🚀 Iniciando entrenamiento enterprise de 0 horas
2025-09-09 09:13:31,285 - __main__ - INFO - 📊 Símbolos: BTCUSDT, ETHUSDT
2025-09-09 09:13:31,285 - __main__ - INFO - 🏗️ Arquitectura: lstm_attention
2025-09-09 09:13:31,285 - __main__ - INFO - 🔧 Hyperparameter tuning: False
2025-09-09 09:13:31,285 - __main__ - INFO - 📡 Data collection: True
2025-09-09 09:13:31,285 - __main__ - INFO - Iniciando simulacion de entrenamiento enterprise...
2025-09-09 09:13:31,286 - __main__ - INFO - Entrenando modelo para BTCUSDT (1/2)
2025-09-09 09:13:31,286 - __main__ - INFO -   Fase: Recoleccion de datos...
2025-09-09 09:13:31,286 - __main__ - INFO -   Fase: Preprocesamiento...
2025-09-09 09:13:31,286 - __main__ - INFO -   Fase: Entrenamiento del modelo...
2025-09-09 09:13:31,286 - __main__ - INFO -   Fase: Validacion...
2025-09-09 09:13:31,287 - __main__ - INFO -   Fase: Optimizacion...
2025-09-09 09:13:31,288 - __main__ - INFO - Modelo guardado: models\BTCUSDT_model.json
2025-09-09 09:13:31,288 - __main__ - INFO - BTCUSDT completado - Accuracy: 0.6580 - Tiempo: 0.0min
2025-09-09 09:13:36,292 - __main__ - INFO - Entrenando modelo para ETHUSDT (2/2)
2025-09-09 09:13:36,293 - __main__ - INFO -   Fase: Recoleccion de datos...
2025-09-09 09:13:36,293 - __main__ - INFO -   Fase: Preprocesamiento...
2025-09-09 09:13:36,293 - __main__ - INFO -   Fase: Entrenamiento del modelo...
2025-09-09 09:13:36,293 - __main__ - INFO -   Fase: Validacion...
2025-09-09 09:13:36,293 - __main__ - INFO -   Fase: Optimizacion...
2025-09-09 09:13:36,294 - __main__ - INFO - Modelo guardado: models\ETHUSDT_model.json
2025-09-09 09:13:36,295 - __main__ - INFO - ETHUSDT completado - Accuracy: 0.6530 - Tiempo: 0.0min
2025-09-09 09:13:36,296 - __main__ - ERROR - Error generando reporte final: 'charmap' codec can't encode characters in position 8-9: character maps to <undefined>
2025-09-09 09:13:36,297 - __main__ - INFO - ✅ Entrenamiento enterprise de 6 horas completado exitosamente
