2025-09-09 10:07:58,917 - ROBUSTNESS - INFO - Iniciando verificación de robustez del sistema
2025-09-09 10:07:58,917 - ROBUSTNESS - INFO - Ejecutando todas las verificaciones de robustez...
2025-09-09 10:07:58,925 - ROBUSTNESS - INFO - Memoria total: 15.9 GB
2025-09-09 10:07:58,926 - ROBUSTNESS - INFO - Memoria disponible: 4.3 GB
2025-09-09 10:07:58,926 - ROBUSTNESS - INFO - Memoria del proceso: 17.6 MB
2025-09-09 10:07:59,928 - ROBUSTNESS - INFO - CPU: 18.2% (12 cores)
2025-09-09 10:07:59,928 - ROBUSTNESS - INFO - Disco: 429.6 GB usados de 476.3 GB
2025-09-09 10:07:59,929 - ROBUSTNESS - INFO - models: 4 archivos
2025-09-09 10:07:59,930 - ROBUSTNESS - INFO - historical_data: 2 archivos
2025-09-09 10:07:59,931 - ROBUSTNESS - INFO - logs: 5 archivos
2025-09-09 10:07:59,932 - ROBUSTNESS - INFO - reports: 4 archivos
2025-09-09 10:07:59,932 - ROBUSTNESS - INFO - Tamaño total de archivos: 0.12 MB
2025-09-09 10:07:59,933 - ROBUSTNESS - ERROR - Config loader: ERROR - No module named 'config'
2025-09-09 10:07:59,934 - ROBUSTNESS - ERROR - Bot principal: ERROR - No module named 'bot'
2025-09-09 10:07:59,936 - ROBUSTNESS - ERROR - Dashboard: ERROR - No module named 'src'
2025-09-09 10:07:59,936 - ROBUSTNESS - INFO - Script de entrenamiento: OK
2025-09-09 10:07:59,940 - ROBUSTNESS - ERROR - Error verificando fugas de memoria: No module named 'config'
2025-09-09 10:07:59,941 - ROBUSTNESS - ERROR - Error verificando rendimiento: No module named 'config'
2025-09-09 10:07:59,947 - ROBUSTNESS - INFO - Reporte de robustez guardado: reports\robustness_report.json
2025-09-09 10:07:59,947 - ROBUSTNESS - INFO - Puntuación general de robustez: 55/100
2025-09-09 10:07:59,947 - ROBUSTNESS - WARNING - Sistema con problemas menores
2025-09-09 10:07:59,947 - ROBUSTNESS - INFO - Verificación de robustez completada
2025-09-09 10:08:08,379 - ROBUSTNESS - INFO - Iniciando verificación de robustez del sistema
2025-09-09 10:08:08,379 - ROBUSTNESS - INFO - Ejecutando todas las verificaciones de robustez...
2025-09-09 10:08:08,387 - ROBUSTNESS - INFO - Memoria total: 15.9 GB
2025-09-09 10:08:08,387 - ROBUSTNESS - INFO - Memoria disponible: 4.2 GB
2025-09-09 10:08:08,387 - ROBUSTNESS - INFO - Memoria del proceso: 17.4 MB
2025-09-09 10:08:09,389 - ROBUSTNESS - INFO - CPU: 43.7% (12 cores)
2025-09-09 10:08:09,389 - ROBUSTNESS - INFO - Disco: 429.6 GB usados de 476.3 GB
2025-09-09 10:08:09,391 - ROBUSTNESS - INFO - models: 4 archivos
2025-09-09 10:08:09,392 - ROBUSTNESS - INFO - historical_data: 2 archivos
2025-09-09 10:08:09,393 - ROBUSTNESS - INFO - logs: 5 archivos
2025-09-09 10:08:09,395 - ROBUSTNESS - INFO - reports: 5 archivos
2025-09-09 10:08:09,395 - ROBUSTNESS - INFO - Tamaño total de archivos: 0.12 MB
2025-09-09 10:08:09,473 - ROBUSTNESS - INFO - Config loader: OK (10 símbolos)
2025-09-09 10:08:11,709 - ROBUSTNESS - WARNING - Credenciales de Bitget no configuradas
2025-09-09 10:08:11,710 - ROBUSTNESS - INFO - BitgetClient enterprise inicializado - Modo: paper_trading, Futures: False
2025-09-09 10:08:12,413 - ROBUSTNESS - WARNING - Credenciales de Bitget no configuradas
2025-09-09 10:08:12,413 - ROBUSTNESS - INFO - BitgetClient enterprise inicializado - Modo: paper_trading, Futures: False
2025-09-09 10:08:16,446 - ROBUSTNESS - INFO - Bot principal: OK
2025-09-09 10:08:16,454 - ROBUSTNESS - ERROR - Dashboard: ERROR - cannot import name 'TradingSignal' from partially initialized module 'trading.enterprise.futures_engine' (most likely due to a circular import) (C:\Users\Alex B\Desktop\bot_trading_v9\bot_trading_v10\src\core\trading\enterprise\futures_engine.py)
2025-09-09 10:08:16,455 - ROBUSTNESS - INFO - Script de entrenamiento: OK
2025-09-09 10:08:17,023 - ROBUSTNESS - INFO - Memoria antes: 341.3 MB
2025-09-09 10:08:17,024 - ROBUSTNESS - INFO - Memoria después: 341.5 MB
2025-09-09 10:08:17,024 - ROBUSTNESS - INFO - Diferencia: 0.2 MB
2025-09-09 10:08:17,024 - ROBUSTNESS - INFO - No se detectaron fugas de memoria
2025-09-09 10:08:17,058 - ROBUSTNESS - INFO - Tiempo de importación: 0.0338 segundos
2025-09-09 10:08:17,058 - ROBUSTNESS - INFO - Tiempo de importación del bot: 0.0000 segundos
2025-09-09 10:08:17,059 - ROBUSTNESS - INFO - Bot Trading v10 Enterprise inicializado
2025-09-09 10:08:17,059 - ROBUSTNESS - INFO - Tiempo de inicialización del bot: 0.0004 segundos
2025-09-09 10:08:17,061 - ROBUSTNESS - INFO - Reporte de robustez guardado: reports\robustness_report.json
2025-09-09 10:08:17,061 - ROBUSTNESS - INFO - Puntuación general de robustez: 85/100
2025-09-09 10:08:17,061 - ROBUSTNESS - INFO - Sistema robusto
2025-09-09 10:08:17,062 - ROBUSTNESS - INFO - Verificación de robustez completada
